c:\users\admin\documents\vugen\scripts\webhttphtml1\\pre_cci.c: Action.c:28: error: syntax error; found `product' expecting `)'
c:\users\admin\documents\vugen\scripts\webhttphtml1\\pre_cci.c: Action.c:28: error: syntax error; found `product' expecting `;'
c:\users\admin\documents\vugen\scripts\webhttphtml1\\pre_cci.c: Action.c:28: error: undeclared identifier `product'
c:\users\admin\documents\vugen\scripts\webhttphtml1\\pre_cci.c: Action.c:28: error: missing "
c:\users\admin\documents\vugen\scripts\webhttphtml1\\pre_cci.c: Action.c:28: warning: expression with no effect elided
c:\users\admin\documents\vugen\scripts\webhttphtml1\\pre_cci.c: Action.c:28: error: syntax error; found "); ... expecting `;'
c:\users\admin\documents\vugen\scripts\webhttphtml1\\pre_cci.c: Action.c:29: warning: expression with no effect elided
c:\users\admin\documents\vugen\scripts\webhttphtml1\\pre_cci.c: Action.c:29: error: syntax error; found `p' expecting `;'
c:\users\admin\documents\vugen\scripts\webhttphtml1\\pre_cci.c: Action.c:29: error: undeclared identifier `p'
c:\users\admin\documents\vugen\scripts\webhttphtml1\\pre_cci.c: Action.c:29: error: missing "
c:\users\admin\documents\vugen\scripts\webhttphtml1\\pre_cci.c: Action.c:29: warning: expression with no effect elided
c:\users\admin\documents\vugen\scripts\webhttphtml1\\pre_cci.c: Action.c:29: error: syntax error; found ", URL=https://demo.o ... expecting `;'
c:\users\admin\documents\vugen\scripts\webhttphtml1\\pre_cci.c: Action.c:31: warning: expression with no effect elided
c:\users\admin\documents\vugen\scripts\webhttphtml1\\pre_cci.c: Action.c:32: warning: expression with no effect elided
c:\users\admin\documents\vugen\scripts\webhttphtml1\\pre_cci.c: Action.c:33: warning: expression with no effect elided
c:\users\admin\documents\vugen\scripts\webhttphtml1\\pre_cci.c: Action.c:34: warning: expression with no effect elided
c:\users\admin\documents\vugen\scripts\webhttphtml1\\pre_cci.c: Action.c:35: warning: expression with no effect elided
c:\users\admin\documents\vugen\scripts\webhttphtml1\\pre_cci.c: Action.c:36: warning: expression with no effect elided
c:\users\admin\documents\vugen\scripts\webhttphtml1\\pre_cci.c: Action.c:37: error: undeclared identifier `ST'
c:\users\admin\documents\vugen\scripts\webhttphtml1\\pre_cci.c: Action.c:37: warning: expression with no effect elided
c:\users\admin\documents\vugen\scripts\webhttphtml1\\pre_cci.c: Action.c:37: error: syntax error; found `)' expecting `;'
c:\users\admin\documents\vugen\scripts\webhttphtml1\\pre_cci.c: Action.c:37: error: illegal statement termination
c:\users\admin\documents\vugen\scripts\webhttphtml1\\pre_cci.c: Action.c:37: error: skipping `)'
c:\users\admin\documents\vugen\scripts\webhttphtml1\\pre_cci.c: c:\\users\\admin\\documents\\vugen\\scripts\\webhttphtml1\\\\combined_WebHttpHtml1.c:6: error: 13 errors, not writing pre_cci.ci
