Virtual User Script started at: 1/15/2020 12:56:18 AM
Starting action vuser_init.
Web Turbo Replay of LoadRunner 12.60.0 for Windows 10; build 971 (Aug 09 2018 11:27:13)  	[MsgId: MMSG-26983]
Run mode: HTML  	[MsgId: MMSG-26993]
Replay user agent: Mozilla/5.0 (Windows NT 10.0; Win64; x64) AppleWebKit/537.36 (KHTML, like Gecko) Chrome/79.0.3945.117 Safari/537.36  	[MsgId: MMSG-26988]
Runtime Settings file: "C:\Users\admin\Documents\VuGen\Scripts\WebHttpHtml4\\default.cfg"  	[MsgId: MMSG-27141]
Ending action vuser_init.
Running Vuser...
Starting iteration 1.
Maximum number of concurrent connections per server: 6  	[MsgId: MMSG-26989]
Starting action Action.
Action.c(4): web_set_sockets_option started  	[MsgId: MMSG-26355]
Action.c(4): web_set_sockets_option was successful  	[MsgId: MMSG-26392]
Action.c(6): web_add_header("Upgrade-Insecure-Requests") started  	[MsgId: MMSG-26355]
Action.c(6): web_add_header("Upgrade-Insecure-Requests") was successful  	[MsgId: MMSG-26392]
Action.c(8): Notify: Transaction "login" started.
Action.c(10): web_url("demo.automationtesting.in") started  	[MsgId: MMSG-26355]
Action.c(10): Found resource "http://demo.automationtesting.in/Index.css" in HTML "http://demo.automationtesting.in/"  	[MsgId: MMSG-26659]
Action.c(10): Found resource "http://maxcdn.bootstrapcdn.com/bootstrap/3.3.6/css/bootstrap.min.css" in HTML "http://demo.automationtesting.in/"  	[MsgId: MMSG-26659]
Action.c(10): Found resource "https://ajax.googleapis.com/ajax/libs/jquery/1.12.0/jquery.min.js" in HTML "http://demo.automationtesting.in/"  	[MsgId: MMSG-26659]
Action.c(10): Found resource "http://maxcdn.bootstrapcdn.com/bootstrap/3.3.6/js/bootstrap.min.js" in HTML "http://demo.automationtesting.in/"  	[MsgId: MMSG-26659]
Action.c(10): Found resource "http://ajax.googleapis.com/ajax/libs/angularjs/1.4.8/angular.min.js" in HTML "http://demo.automationtesting.in/"  	[MsgId: MMSG-26659]
Action.c(10): Found resource "http://demo.automationtesting.in/angcontroller.js" in HTML "http://demo.automationtesting.in/"  	[MsgId: MMSG-26659]
Action.c(10): Found resource "http://demo.automationtesting.in/original.png" in HTML "http://demo.automationtesting.in/"  	[MsgId: MMSG-26659]
Action.c(10): Found resource "http://demo.automationtesting.in/enter.png" in HTML "http://demo.automationtesting.in/"  	[MsgId: MMSG-26659]
Action.c(10): web_url("demo.automationtesting.in") was successful, 375073 body bytes, 3756 header bytes  	[MsgId: MMSG-26386]
Action.c(18): Notify: Transaction "login" ended with a "Pass" status (Duration: 2.5394 Wasted Time: 0.2043).
Action.c(20): web_add_auto_header("Sec-Fetch-Mode") started  	[MsgId: MMSG-26355]
Action.c(20): web_add_auto_header("Sec-Fetch-Mode") was successful  	[MsgId: MMSG-26392]
Action.c(23): web_add_auto_header("Sec-Fetch-Site") started  	[MsgId: MMSG-26355]
Action.c(23): web_add_auto_header("Sec-Fetch-Site") was successful  	[MsgId: MMSG-26392]
Action.c(25): Notify: Transaction "merchant" started.
Action.c(27): web_url("bins.json") started  	[MsgId: MMSG-26355]
Action.c(27): web_url("bins.json") was successful, 76 body bytes, 566 header bytes  	[MsgId: MMSG-26386]
Action.c(35): Notify: Transaction "merchant" ended with a "Pass" status (Duration: 0.3069 Wasted Time: 0.0533).
Action.c(37): web_remove_auto_header("Sec-Fetch-Mode") started  	[MsgId: MMSG-26355]
Action.c(37): Previous automatically added web header for "Sec-Fetch-Mode" removed  	[MsgId: MMSG-26587]
Action.c(37): web_remove/revert_auto_header("Sec-Fetch-Mode") was successful  	[MsgId: MMSG-26392]
Action.c(39): web_remove_auto_header("Sec-Fetch-Site") started  	[MsgId: MMSG-26355]
Action.c(39): Previous automatically added web header for "Sec-Fetch-Site" removed  	[MsgId: MMSG-26587]
Action.c(39): web_remove/revert_auto_header("Sec-Fetch-Site") was successful  	[MsgId: MMSG-26392]
Action.c(40): Notify: Transaction "autofill" started.
Action.c(42): web_url("merchants.json") started  	[MsgId: MMSG-26355]
Action.c(42): web_url("merchants.json") was successful, 82 body bytes, 572 header bytes  	[MsgId: MMSG-26386]
Action.c(50): Notify: Transaction "autofill" ended with a "Pass" status (Duration: 0.0889 Wasted Time: 0.0347).
Action.c(52): web_add_header("A-IM") started  	[MsgId: MMSG-26355]
Action.c(52): web_add_header("A-IM") was successful  	[MsgId: MMSG-26392]
Action.c(55): web_add_header("Sec-Fetch-Mode") started  	[MsgId: MMSG-26355]
Action.c(55): web_add_header("Sec-Fetch-Mode") was successful  	[MsgId: MMSG-26392]
Action.c(58): web_add_header("Sec-Fetch-Site") started  	[MsgId: MMSG-26355]
Action.c(58): web_add_header("Sec-Fetch-Site") was successful  	[MsgId: MMSG-26392]
Action.c(61): web_url("seed") started  	[MsgId: MMSG-26355]
Action.c(61): HTML parsing not performed for Content-Type "application/x-gzip" ("ParseHtmlContentType" Runtime Setting is "TEXT"). URL="https://clientservices.googleapis.com/chrome-variations/seed?osname=win&channel=stable&milestone=79"  	[MsgId: MMSG-26548]
Action.c(61): Downloading resource "https://clients1.google.com/tbproxy/af/query?q=Chc2LjEuMTcxNS4xNDQyL2VuIChHR0xMKRMZv72dPN_u0M8jLXhvEhkkFA==" (specified by argument number 8)  	[MsgId: MMSG-26577]
Action.c(61): Downloading resource "https://ssl.gstatic.com/safebrowsing/csd/client_model_v5_variation_0.pb" (specified by argument number 11)  	[MsgId: MMSG-26577]
Action.c(61): Downloading resource "https://ssl.gstatic.com/safebrowsing/csd/client_model_v5_ext_variation_0.pb" (specified by argument number 14)  	[MsgId: MMSG-26577]
Action.c(61): web_url("seed") was successful, 177871 body bytes, 2098 header bytes  	[MsgId: MMSG-26386]
Action.c(73): web_add_header("Upgrade-Insecure-Requests") started  	[MsgId: MMSG-26355]
Action.c(73): web_add_header("Upgrade-Insecure-Requests") was successful  	[MsgId: MMSG-26392]
Action.c(78): web_url("SignIn.html") started  	[MsgId: MMSG-26355]
Action.c(78): Found resource "http://demo.automationtesting.in/SignIn.css" in HTML "http://demo.automationtesting.in/SignIn.html"  	[MsgId: MMSG-26659]
Action.c(78): Resource "http://maxcdn.bootstrapcdn.com/bootstrap/3.3.6/css/bootstrap.min.css" is in the cache already and will not be downloaded again  	[MsgId: MMSG-26655]
Action.c(78): Found resource "https://maxcdn.bootstrapcdn.com/font-awesome/4.5.0/css/font-awesome.min.css" in HTML "http://demo.automationtesting.in/SignIn.html"  	[MsgId: MMSG-26659]
Action.c(78): Resource "https://ajax.googleapis.com/ajax/libs/jquery/1.12.0/jquery.min.js" is in the cache already and will not be downloaded again  	[MsgId: MMSG-26655]
Action.c(78): Resource "http://maxcdn.bootstrapcdn.com/bootstrap/3.3.6/js/bootstrap.min.js" is in the cache already and will not be downloaded again  	[MsgId: MMSG-26655]
Action.c(78): Resource "http://ajax.googleapis.com/ajax/libs/angularjs/1.4.8/angular.min.js" is in the cache already and will not be downloaded again  	[MsgId: MMSG-26655]
Action.c(78): Resource "http://demo.automationtesting.in/angcontroller.js" is in the cache already and will not be downloaded again  	[MsgId: MMSG-26655]
Action.c(78): Found resource "https://cdnjs.cloudflare.com/ajax/libs/angular.js/1.4.8/angular-cookies.js" in HTML "http://demo.automationtesting.in/SignIn.html"  	[MsgId: MMSG-26659]
Action.c(78): Found resource "http://demo.automationtesting.in/ui-grid.js" in HTML "http://demo.automationtesting.in/SignIn.html"  	[MsgId: MMSG-26659]
Action.c(78): Resource "http://demo.automationtesting.in/original.png" is in the cache already and will not be downloaded again  	[MsgId: MMSG-26655]
Action.c(78): Found resource "http://demo.automationtesting.in/enter2.png" in HTML "http://demo.automationtesting.in/SignIn.html"  	[MsgId: MMSG-26659]
Action.c(78): Downloading resource "https://clients1.google.com/tbproxy/af/query?q=Chc2LjEuMTcxNS4xNDQyL2VuIChHR0xMKRMZF54zW6UI8w4jLZFhlU4kIy01hlQcJBQ=" (specified by argument number 9)  	[MsgId: MMSG-26577]
Action.c(78): web_url("SignIn.html") was successful, 253706 body bytes, 2953 header bytes, 189 chunking overhead bytes  	[MsgId: MMSG-26385]
Action.c(89): web_add_header("Origin") started  	[MsgId: MMSG-26355]
Action.c(89): web_add_header("Origin") was successful  	[MsgId: MMSG-26392]
Action.c(92): web_add_header("Sec-Fetch-Mode") started  	[MsgId: MMSG-26355]
Action.c(92): web_add_header("Sec-Fetch-Mode") was successful  	[MsgId: MMSG-26392]
Action.c(95): web_add_header("Sec-Fetch-Site") started  	[MsgId: MMSG-26355]
Action.c(95): web_add_header("Sec-Fetch-Site") was successful  	[MsgId: MMSG-26392]
Action.c(97): Notify: Transaction "user" started.
Action.c(99): web_url("usertable") started  	[MsgId: MMSG-26355]
Action.c(99): web_url("usertable") was successful, 111312 body bytes, 635 header bytes, 117 chunking overhead bytes  	[MsgId: MMSG-26385]
Action.c(107): Notify: Transaction "user" ended with a "Pass" status (Duration: 2.0627 Wasted Time: 0.0621).
Ending action Action.
Starting action Action1.
Action1.c(4): web_add_header("Upgrade-Insecure-Requests") started  	[MsgId: MMSG-26355]
Action1.c(4): web_add_header("Upgrade-Insecure-Requests") was successful  	[MsgId: MMSG-26392]
Action1.c(8): Notify: Transaction "register" started.
Action1.c(10): web_url("Register.html") started  	[MsgId: MMSG-26355]
Action1.c(10): Found resource "http://demo.automationtesting.in/Register.css" in HTML "http://demo.automationtesting.in/Register.html"  	[MsgId: MMSG-26659]
Action1.c(10): Found resource "http://demo.automationtesting.in/ng-grid.css" in HTML "http://demo.automationtesting.in/Register.html"  	[MsgId: MMSG-26659]
Action1.c(10): Resource "http://maxcdn.bootstrapcdn.com/bootstrap/3.3.6/css/bootstrap.min.css" is in the cache already and will not be downloaded again  	[MsgId: MMSG-26655]
Action1.c(10): Resource "https://maxcdn.bootstrapcdn.com/font-awesome/4.5.0/css/font-awesome.min.css" is in the cache already and will not be downloaded again  	[MsgId: MMSG-26655]
Action1.c(10): Resource "https://ajax.googleapis.com/ajax/libs/jquery/1.12.0/jquery.min.js" is in the cache already and will not be downloaded again  	[MsgId: MMSG-26655]
Action1.c(10): Resource "http://maxcdn.bootstrapcdn.com/bootstrap/3.3.6/js/bootstrap.min.js" is in the cache already and will not be downloaded again  	[MsgId: MMSG-26655]
Action1.c(10): Resource "http://ajax.googleapis.com/ajax/libs/angularjs/1.4.8/angular.min.js" is in the cache already and will not be downloaded again  	[MsgId: MMSG-26655]
Action1.c(10): Resource "http://demo.automationtesting.in/angcontroller.js" is in the cache already and will not be downloaded again  	[MsgId: MMSG-26655]
Action1.c(10): Resource "https://cdnjs.cloudflare.com/ajax/libs/angular.js/1.4.8/angular-cookies.js" is in the cache already and will not be downloaded again  	[MsgId: MMSG-26655]
Action1.c(10): Resource "http://demo.automationtesting.in/ui-grid.js" is in the cache already and will not be downloaded again  	[MsgId: MMSG-26655]
Action1.c(10): Found resource "http://code.jquery.com/ui/1.10.4/themes/ui-lightness/jquery-ui.css" in HTML "http://demo.automationtesting.in/Register.html"  	[MsgId: MMSG-26659]
Action1.c(10): Found resource "https://cdnjs.cloudflare.com/ajax/libs/select2/4.0.1/css/select2.min.css" in HTML "http://demo.automationtesting.in/Register.html"  	[MsgId: MMSG-26659]
Action1.c(10): Found resource "http://demo.automationtesting.in/Register.js" in HTML "http://demo.automationtesting.in/Register.html"  	[MsgId: MMSG-26659]
Action1.c(10): Found resource "https://cdnjs.cloudflare.com/ajax/libs/select2/4.0.1/js/select2.min.js" in HTML "http://demo.automationtesting.in/Register.html"  	[MsgId: MMSG-26659]
Action1.c(10): Downloading resource "https://adservice.google.co.in/adsid/integrator.js?domain=demo.automationtesting.in" (specified by argument number 9)  	[MsgId: MMSG-26577]
Action1.c(10): Downloading resource "https://adservice.google.com/adsid/integrator.js?domain=demo.automationtesting.in" (specified by argument number 11)  	[MsgId: MMSG-26577]
Action1.c(10): Downloading resource "https://pagead2.googlesyndication.com/pagead/js/r20200109/r20190131/show_ads_impl_fy2019.js" (specified by argument number 13)  	[MsgId: MMSG-26577]
Action1.c(10): Downloading resource "https://www.googletagservices.com/activeview/js/current/osd.js?cb=%2Fr20100101" (specified by argument number 15)  	[MsgId: MMSG-26577]
Action1.c(10): Resource "http://demo.automationtesting.in/original.png" is in the cache already and will not be downloaded again  	[MsgId: MMSG-26655]
Action1.c(10): Found resource "http://pagead2.googlesyndication.com/pagead/js/adsbygoogle.js" in HTML "http://demo.automationtesting.in/Register.html"  	[MsgId: MMSG-26659]
Action1.c(10): No socket (out of 16) is CURRENTLY available for a regular connection for URL="http://pagead2.googlesyndication.com/pagead/js/adsbygoogle.js"  	[MsgId: MMSG-26000]
Action1.c(10): web_url("Register.html") was successful, 190173 body bytes, 7766 header bytes  	[MsgId: MMSG-26386]
Action1.c(23): Notify: Transaction "register" ended with a "Pass" status (Duration: 1.0117 Wasted Time: 0.0666).
Action1.c(25): web_add_auto_header("X-Requested-With") started  	[MsgId: MMSG-26355]
Action1.c(25): web_add_auto_header("X-Requested-With") was successful  	[MsgId: MMSG-26392]
Action1.c(28): web_url("Languages.json") started  	[MsgId: MMSG-26355]
Action1.c(28): Downloading resource "https://maxcdn.bootstrapcdn.com/font-awesome/4.5.0/fonts/fontawesome-webfont.woff2?v=4.5.0" (specified by argument number 9)  	[MsgId: MMSG-26577]
Action1.c(28): web_url("Languages.json") was successful, 66925 body bytes, 759 header bytes  	[MsgId: MMSG-26386]
Action1.c(38): Notify: Transaction "skills" started.
Action1.c(40): web_url("Skills.json") started  	[MsgId: MMSG-26355]
Action1.c(40): web_url("Skills.json") was successful, 601 body bytes, 338 header bytes  	[MsgId: MMSG-26386]
Action1.c(48): Notify: Transaction "skills" ended with a "Pass" status (Duration: 0.3589 Wasted Time: 0.0446).
Action1.c(50): web_remove_auto_header("X-Requested-With") started  	[MsgId: MMSG-26355]
Action1.c(50): Previous automatically added web header for "X-Requested-With" removed  	[MsgId: MMSG-26587]
Action1.c(50): web_remove/revert_auto_header("X-Requested-With") was successful  	[MsgId: MMSG-26392]
Action1.c(52): web_add_auto_header("Origin") started  	[MsgId: MMSG-26355]
Action1.c(52): web_add_auto_header("Origin") was successful  	[MsgId: MMSG-26392]
Action1.c(55): web_add_auto_header("Sec-Fetch-Mode") started  	[MsgId: MMSG-26355]
Action1.c(55): web_add_auto_header("Sec-Fetch-Mode") was successful  	[MsgId: MMSG-26392]
Action1.c(58): web_add_auto_header("Sec-Fetch-Site") started  	[MsgId: MMSG-26355]
Action1.c(58): web_add_auto_header("Sec-Fetch-Site") was successful  	[MsgId: MMSG-26392]
Action1.c(61): web_url("newtable") started  	[MsgId: MMSG-26355]
Action1.c(61): web_url("newtable") was successful, 180356 body bytes, 635 header bytes, 188 chunking overhead bytes  	[MsgId: MMSG-26385]
Action1.c(70): web_url("all") started  	[MsgId: MMSG-26355]
Action1.c(70): web_url("all") was successful, 36210 body bytes, 634 header bytes  	[MsgId: MMSG-26386]
Action1.c(79): web_url("newtable_2") started  	[MsgId: MMSG-26355]
Action1.c(79): web_url("newtable_2") was successful, 180356 body bytes, 635 header bytes, 188 chunking overhead bytes  	[MsgId: MMSG-26385]
Ending action Action1.
Ending iteration 1.
Waiting 13.7990 seconds for iteration pacing.
Starting iteration 2.
Starting action Action.
Action.c(4): web_set_sockets_option started  	[MsgId: MMSG-26355]
Action.c(4): web_set_sockets_option was successful  	[MsgId: MMSG-26392]
Action.c(6): web_add_header("Upgrade-Insecure-Requests") started  	[MsgId: MMSG-26355]
Action.c(6): web_add_header("Upgrade-Insecure-Requests") was successful  	[MsgId: MMSG-26392]
Action.c(8): Notify: Transaction "login" started.
Action.c(10): web_url("demo.automationtesting.in") started  	[MsgId: MMSG-26355]
Action.c(10): Found resource "http://demo.automationtesting.in/Index.css" in HTML "http://demo.automationtesting.in/"  	[MsgId: MMSG-26659]
Action.c(10): Found resource "http://maxcdn.bootstrapcdn.com/bootstrap/3.3.6/css/bootstrap.min.css" in HTML "http://demo.automationtesting.in/"  	[MsgId: MMSG-26659]
Action.c(10): Found resource "https://ajax.googleapis.com/ajax/libs/jquery/1.12.0/jquery.min.js" in HTML "http://demo.automationtesting.in/"  	[MsgId: MMSG-26659]
Action.c(10): Found resource "http://maxcdn.bootstrapcdn.com/bootstrap/3.3.6/js/bootstrap.min.js" in HTML "http://demo.automationtesting.in/"  	[MsgId: MMSG-26659]
Action.c(10): Found resource "http://ajax.googleapis.com/ajax/libs/angularjs/1.4.8/angular.min.js" in HTML "http://demo.automationtesting.in/"  	[MsgId: MMSG-26659]
Action.c(10): Found resource "http://demo.automationtesting.in/angcontroller.js" in HTML "http://demo.automationtesting.in/"  	[MsgId: MMSG-26659]
Action.c(10): Found resource "http://demo.automationtesting.in/original.png" in HTML "http://demo.automationtesting.in/"  	[MsgId: MMSG-26659]
Action.c(10): Found resource "http://demo.automationtesting.in/enter.png" in HTML "http://demo.automationtesting.in/"  	[MsgId: MMSG-26659]
Action.c(10): web_url("demo.automationtesting.in") was successful, 375073 body bytes, 3756 header bytes  	[MsgId: MMSG-26386]
Action.c(18): Notify: Transaction "login" ended with a "Pass" status (Duration: 2.1993 Wasted Time: 0.1084).
Action.c(20): web_add_auto_header("Sec-Fetch-Mode") started  	[MsgId: MMSG-26355]
Action.c(20): web_add_auto_header("Sec-Fetch-Mode") was successful  	[MsgId: MMSG-26392]
Action.c(23): web_add_auto_header("Sec-Fetch-Site") started  	[MsgId: MMSG-26355]
Action.c(23): web_add_auto_header("Sec-Fetch-Site") was successful  	[MsgId: MMSG-26392]
Action.c(25): Notify: Transaction "merchant" started.
Action.c(27): web_url("bins.json") started  	[MsgId: MMSG-26355]
Action.c(27): web_url("bins.json") was successful, 76 body bytes, 567 header bytes  	[MsgId: MMSG-26386]
Action.c(35): Notify: Transaction "merchant" ended with a "Pass" status (Duration: 0.2104 Wasted Time: 0.0327).
Action.c(37): web_remove_auto_header("Sec-Fetch-Mode") started  	[MsgId: MMSG-26355]
Action.c(37): Previous automatically added web header for "Sec-Fetch-Mode" removed  	[MsgId: MMSG-26587]
Action.c(37): web_remove/revert_auto_header("Sec-Fetch-Mode") was successful  	[MsgId: MMSG-26392]
Action.c(39): web_remove_auto_header("Sec-Fetch-Site") started  	[MsgId: MMSG-26355]
Action.c(39): Previous automatically added web header for "Sec-Fetch-Site" removed  	[MsgId: MMSG-26587]
Action.c(39): web_remove/revert_auto_header("Sec-Fetch-Site") was successful  	[MsgId: MMSG-26392]
Action.c(40): Notify: Transaction "autofill" started.
Action.c(42): web_url("merchants.json") started  	[MsgId: MMSG-26355]
Action.c(42): web_url("merchants.json") was successful, 82 body bytes, 572 header bytes  	[MsgId: MMSG-26386]
Action.c(50): Notify: Transaction "autofill" ended with a "Pass" status (Duration: 0.1079 Wasted Time: 0.0366).
Action.c(52): web_add_header("A-IM") started  	[MsgId: MMSG-26355]
Action.c(52): web_add_header("A-IM") was successful  	[MsgId: MMSG-26392]
Action.c(55): web_add_header("Sec-Fetch-Mode") started  	[MsgId: MMSG-26355]
Action.c(55): web_add_header("Sec-Fetch-Mode") was successful  	[MsgId: MMSG-26392]
Action.c(58): web_add_header("Sec-Fetch-Site") started  	[MsgId: MMSG-26355]
Action.c(58): web_add_header("Sec-Fetch-Site") was successful  	[MsgId: MMSG-26392]
Action.c(61): web_url("seed") started  	[MsgId: MMSG-26355]
Action.c(61): HTML parsing not performed for Content-Type "application/x-gzip" ("ParseHtmlContentType" Runtime Setting is "TEXT"). URL="https://clientservices.googleapis.com/chrome-variations/seed?osname=win&channel=stable&milestone=79"  	[MsgId: MMSG-26548]
Action.c(61): Downloading resource "https://clients1.google.com/tbproxy/af/query?q=Chc2LjEuMTcxNS4xNDQyL2VuIChHR0xMKRMZv72dPN_u0M8jLXhvEhkkFA==" (specified by argument number 8)  	[MsgId: MMSG-26577]
Action.c(61): Downloading resource "https://ssl.gstatic.com/safebrowsing/csd/client_model_v5_variation_0.pb" (specified by argument number 11)  	[MsgId: MMSG-26577]
Action.c(61): Downloading resource "https://ssl.gstatic.com/safebrowsing/csd/client_model_v5_ext_variation_0.pb" (specified by argument number 14)  	[MsgId: MMSG-26577]
Action.c(61): web_url("seed") was successful, 177871 body bytes, 2098 header bytes  	[MsgId: MMSG-26386]
Action.c(73): web_add_header("Upgrade-Insecure-Requests") started  	[MsgId: MMSG-26355]
Action.c(73): web_add_header("Upgrade-Insecure-Requests") was successful  	[MsgId: MMSG-26392]
Action.c(78): web_url("SignIn.html") started  	[MsgId: MMSG-26355]
Action.c(78): Found resource "http://demo.automationtesting.in/SignIn.css" in HTML "http://demo.automationtesting.in/SignIn.html"  	[MsgId: MMSG-26659]
Action.c(78): Resource "http://maxcdn.bootstrapcdn.com/bootstrap/3.3.6/css/bootstrap.min.css" is in the cache already and will not be downloaded again  	[MsgId: MMSG-26655]
Action.c(78): Found resource "https://maxcdn.bootstrapcdn.com/font-awesome/4.5.0/css/font-awesome.min.css" in HTML "http://demo.automationtesting.in/SignIn.html"  	[MsgId: MMSG-26659]
Action.c(78): Resource "https://ajax.googleapis.com/ajax/libs/jquery/1.12.0/jquery.min.js" is in the cache already and will not be downloaded again  	[MsgId: MMSG-26655]
Action.c(78): Resource "http://maxcdn.bootstrapcdn.com/bootstrap/3.3.6/js/bootstrap.min.js" is in the cache already and will not be downloaded again  	[MsgId: MMSG-26655]
Action.c(78): Resource "http://ajax.googleapis.com/ajax/libs/angularjs/1.4.8/angular.min.js" is in the cache already and will not be downloaded again  	[MsgId: MMSG-26655]
Action.c(78): Resource "http://demo.automationtesting.in/angcontroller.js" is in the cache already and will not be downloaded again  	[MsgId: MMSG-26655]
Action.c(78): Found resource "https://cdnjs.cloudflare.com/ajax/libs/angular.js/1.4.8/angular-cookies.js" in HTML "http://demo.automationtesting.in/SignIn.html"  	[MsgId: MMSG-26659]
Action.c(78): Found resource "http://demo.automationtesting.in/ui-grid.js" in HTML "http://demo.automationtesting.in/SignIn.html"  	[MsgId: MMSG-26659]
Action.c(78): Resource "http://demo.automationtesting.in/original.png" is in the cache already and will not be downloaded again  	[MsgId: MMSG-26655]
Action.c(78): Found resource "http://demo.automationtesting.in/enter2.png" in HTML "http://demo.automationtesting.in/SignIn.html"  	[MsgId: MMSG-26659]
Action.c(78): Downloading resource "https://clients1.google.com/tbproxy/af/query?q=Chc2LjEuMTcxNS4xNDQyL2VuIChHR0xMKRMZF54zW6UI8w4jLZFhlU4kIy01hlQcJBQ=" (specified by argument number 9)  	[MsgId: MMSG-26577]
Action.c(78): web_url("SignIn.html") was successful, 253706 body bytes, 2901 header bytes, 189 chunking overhead bytes  	[MsgId: MMSG-26385]
Action.c(89): web_add_header("Origin") started  	[MsgId: MMSG-26355]
Action.c(89): web_add_header("Origin") was successful  	[MsgId: MMSG-26392]
Action.c(92): web_add_header("Sec-Fetch-Mode") started  	[MsgId: MMSG-26355]
Action.c(92): web_add_header("Sec-Fetch-Mode") was successful  	[MsgId: MMSG-26392]
Action.c(95): web_add_header("Sec-Fetch-Site") started  	[MsgId: MMSG-26355]
Action.c(95): web_add_header("Sec-Fetch-Site") was successful  	[MsgId: MMSG-26392]
Action.c(97): Notify: Transaction "user" started.
Action.c(99): web_url("usertable") started  	[MsgId: MMSG-26355]
Action.c(99): web_url("usertable") was successful, 111312 body bytes, 635 header bytes, 117 chunking overhead bytes  	[MsgId: MMSG-26385]
Action.c(107): Notify: Transaction "user" ended with a "Pass" status (Duration: 1.9024 Wasted Time: 0.0701).
Ending action Action.
Starting action Action1.
Action1.c(4): web_add_header("Upgrade-Insecure-Requests") started  	[MsgId: MMSG-26355]
Action1.c(4): web_add_header("Upgrade-Insecure-Requests") was successful  	[MsgId: MMSG-26392]
Action1.c(8): Notify: Transaction "register" started.
Action1.c(10): web_url("Register.html") started  	[MsgId: MMSG-26355]
Action1.c(10): Found resource "http://demo.automationtesting.in/Register.css" in HTML "http://demo.automationtesting.in/Register.html"  	[MsgId: MMSG-26659]
Action1.c(10): Found resource "http://demo.automationtesting.in/ng-grid.css" in HTML "http://demo.automationtesting.in/Register.html"  	[MsgId: MMSG-26659]
Action1.c(10): Resource "http://maxcdn.bootstrapcdn.com/bootstrap/3.3.6/css/bootstrap.min.css" is in the cache already and will not be downloaded again  	[MsgId: MMSG-26655]
Action1.c(10): Resource "https://maxcdn.bootstrapcdn.com/font-awesome/4.5.0/css/font-awesome.min.css" is in the cache already and will not be downloaded again  	[MsgId: MMSG-26655]
Action1.c(10): Resource "https://ajax.googleapis.com/ajax/libs/jquery/1.12.0/jquery.min.js" is in the cache already and will not be downloaded again  	[MsgId: MMSG-26655]
Action1.c(10): Resource "http://maxcdn.bootstrapcdn.com/bootstrap/3.3.6/js/bootstrap.min.js" is in the cache already and will not be downloaded again  	[MsgId: MMSG-26655]
Action1.c(10): Resource "http://ajax.googleapis.com/ajax/libs/angularjs/1.4.8/angular.min.js" is in the cache already and will not be downloaded again  	[MsgId: MMSG-26655]
Action1.c(10): Resource "http://demo.automationtesting.in/angcontroller.js" is in the cache already and will not be downloaded again  	[MsgId: MMSG-26655]
Action1.c(10): Resource "https://cdnjs.cloudflare.com/ajax/libs/angular.js/1.4.8/angular-cookies.js" is in the cache already and will not be downloaded again  	[MsgId: MMSG-26655]
Action1.c(10): Resource "http://demo.automationtesting.in/ui-grid.js" is in the cache already and will not be downloaded again  	[MsgId: MMSG-26655]
Action1.c(10): Found resource "http://code.jquery.com/ui/1.10.4/themes/ui-lightness/jquery-ui.css" in HTML "http://demo.automationtesting.in/Register.html"  	[MsgId: MMSG-26659]
Action1.c(10): Found resource "https://cdnjs.cloudflare.com/ajax/libs/select2/4.0.1/css/select2.min.css" in HTML "http://demo.automationtesting.in/Register.html"  	[MsgId: MMSG-26659]
Action1.c(10): Found resource "http://demo.automationtesting.in/Register.js" in HTML "http://demo.automationtesting.in/Register.html"  	[MsgId: MMSG-26659]
Action1.c(10): Found resource "https://cdnjs.cloudflare.com/ajax/libs/select2/4.0.1/js/select2.min.js" in HTML "http://demo.automationtesting.in/Register.html"  	[MsgId: MMSG-26659]
Action1.c(10): Downloading resource "https://adservice.google.co.in/adsid/integrator.js?domain=demo.automationtesting.in" (specified by argument number 9)  	[MsgId: MMSG-26577]
Action1.c(10): Downloading resource "https://adservice.google.com/adsid/integrator.js?domain=demo.automationtesting.in" (specified by argument number 11)  	[MsgId: MMSG-26577]
Action1.c(10): Downloading resource "https://pagead2.googlesyndication.com/pagead/js/r20200109/r20190131/show_ads_impl_fy2019.js" (specified by argument number 13)  	[MsgId: MMSG-26577]
Action1.c(10): Downloading resource "https://www.googletagservices.com/activeview/js/current/osd.js?cb=%2Fr20100101" (specified by argument number 15)  	[MsgId: MMSG-26577]
Action1.c(10): Resource "http://demo.automationtesting.in/original.png" is in the cache already and will not be downloaded again  	[MsgId: MMSG-26655]
Action1.c(10): Found resource "http://pagead2.googlesyndication.com/pagead/js/adsbygoogle.js" in HTML "http://demo.automationtesting.in/Register.html"  	[MsgId: MMSG-26659]
Action1.c(10): No socket (out of 16) is CURRENTLY available for a regular connection for URL="http://pagead2.googlesyndication.com/pagead/js/adsbygoogle.js"  	[MsgId: MMSG-26000]
Action1.c(10): web_url("Register.html") was successful, 190173 body bytes, 7558 header bytes  	[MsgId: MMSG-26386]
Action1.c(23): Notify: Transaction "register" ended with a "Pass" status (Duration: 0.8655 Wasted Time: 0.0612).
Action1.c(25): web_add_auto_header("X-Requested-With") started  	[MsgId: MMSG-26355]
Action1.c(25): web_add_auto_header("X-Requested-With") was successful  	[MsgId: MMSG-26392]
Action1.c(28): web_url("Languages.json") started  	[MsgId: MMSG-26355]
Action1.c(28): Downloading resource "https://maxcdn.bootstrapcdn.com/font-awesome/4.5.0/fonts/fontawesome-webfont.woff2?v=4.5.0" (specified by argument number 9)  	[MsgId: MMSG-26577]
Action1.c(28): web_url("Languages.json") was successful, 66925 body bytes, 759 header bytes  	[MsgId: MMSG-26386]
Action1.c(38): Notify: Transaction "skills" started.
Action1.c(40): web_url("Skills.json") started  	[MsgId: MMSG-26355]
Action1.c(40): web_url("Skills.json") was successful, 601 body bytes, 338 header bytes  	[MsgId: MMSG-26386]
Action1.c(48): Notify: Transaction "skills" ended with a "Pass" status (Duration: 0.3129 Wasted Time: 0.0311).
Action1.c(50): web_remove_auto_header("X-Requested-With") started  	[MsgId: MMSG-26355]
Action1.c(50): Previous automatically added web header for "X-Requested-With" removed  	[MsgId: MMSG-26587]
Action1.c(50): web_remove/revert_auto_header("X-Requested-With") was successful  	[MsgId: MMSG-26392]
Action1.c(52): web_add_auto_header("Origin") started  	[MsgId: MMSG-26355]
Action1.c(52): web_add_auto_header("Origin") was successful  	[MsgId: MMSG-26392]
Action1.c(55): web_add_auto_header("Sec-Fetch-Mode") started  	[MsgId: MMSG-26355]
Action1.c(55): web_add_auto_header("Sec-Fetch-Mode") was successful  	[MsgId: MMSG-26392]
Action1.c(58): web_add_auto_header("Sec-Fetch-Site") started  	[MsgId: MMSG-26355]
Action1.c(58): web_add_auto_header("Sec-Fetch-Site") was successful  	[MsgId: MMSG-26392]
Action1.c(61): web_url("newtable") started  	[MsgId: MMSG-26355]
Action1.c(61): web_url("newtable") was successful, 180356 body bytes, 635 header bytes, 188 chunking overhead bytes  	[MsgId: MMSG-26385]
Action1.c(70): web_url("all") started  	[MsgId: MMSG-26355]
Action1.c(70): web_url("all") was successful, 36376 body bytes, 634 header bytes  	[MsgId: MMSG-26386]
Action1.c(79): web_url("newtable_2") started  	[MsgId: MMSG-26355]
Action1.c(79): web_url("newtable_2") was successful, 180356 body bytes, 635 header bytes, 188 chunking overhead bytes  	[MsgId: MMSG-26385]
Ending action Action1.
Ending iteration 2.
Waiting 15.0910 seconds for iteration pacing.
Starting iteration 3.
Starting action Action.
Action.c(4): web_set_sockets_option started  	[MsgId: MMSG-26355]
Action.c(4): web_set_sockets_option was successful  	[MsgId: MMSG-26392]
Action.c(6): web_add_header("Upgrade-Insecure-Requests") started  	[MsgId: MMSG-26355]
Action.c(6): web_add_header("Upgrade-Insecure-Requests") was successful  	[MsgId: MMSG-26392]
Action.c(8): Notify: Transaction "login" started.
Action.c(10): web_url("demo.automationtesting.in") started  	[MsgId: MMSG-26355]
Action.c(10): Found resource "http://demo.automationtesting.in/Index.css" in HTML "http://demo.automationtesting.in/"  	[MsgId: MMSG-26659]
Action.c(10): Found resource "http://maxcdn.bootstrapcdn.com/bootstrap/3.3.6/css/bootstrap.min.css" in HTML "http://demo.automationtesting.in/"  	[MsgId: MMSG-26659]
Action.c(10): Found resource "https://ajax.googleapis.com/ajax/libs/jquery/1.12.0/jquery.min.js" in HTML "http://demo.automationtesting.in/"  	[MsgId: MMSG-26659]
Action.c(10): Found resource "http://maxcdn.bootstrapcdn.com/bootstrap/3.3.6/js/bootstrap.min.js" in HTML "http://demo.automationtesting.in/"  	[MsgId: MMSG-26659]
Action.c(10): Found resource "http://ajax.googleapis.com/ajax/libs/angularjs/1.4.8/angular.min.js" in HTML "http://demo.automationtesting.in/"  	[MsgId: MMSG-26659]
Action.c(10): Found resource "http://demo.automationtesting.in/angcontroller.js" in HTML "http://demo.automationtesting.in/"  	[MsgId: MMSG-26659]
Action.c(10): Found resource "http://demo.automationtesting.in/original.png" in HTML "http://demo.automationtesting.in/"  	[MsgId: MMSG-26659]
Action.c(10): Found resource "http://demo.automationtesting.in/enter.png" in HTML "http://demo.automationtesting.in/"  	[MsgId: MMSG-26659]
Action.c(10): web_url("demo.automationtesting.in") was successful, 375073 body bytes, 3756 header bytes  	[MsgId: MMSG-26386]
Action.c(18): Notify: Transaction "login" ended with a "Pass" status (Duration: 2.4897 Wasted Time: 0.1254).
Action.c(20): web_add_auto_header("Sec-Fetch-Mode") started  	[MsgId: MMSG-26355]
Action.c(20): web_add_auto_header("Sec-Fetch-Mode") was successful  	[MsgId: MMSG-26392]
Action.c(23): web_add_auto_header("Sec-Fetch-Site") started  	[MsgId: MMSG-26355]
Action.c(23): web_add_auto_header("Sec-Fetch-Site") was successful  	[MsgId: MMSG-26392]
Action.c(25): Notify: Transaction "merchant" started.
Action.c(27): web_url("bins.json") started  	[MsgId: MMSG-26355]
Action.c(27): web_url("bins.json") was successful, 76 body bytes, 567 header bytes  	[MsgId: MMSG-26386]
Action.c(35): Notify: Transaction "merchant" ended with a "Pass" status (Duration: 0.2250 Wasted Time: 0.0462).
Action.c(37): web_remove_auto_header("Sec-Fetch-Mode") started  	[MsgId: MMSG-26355]
Action.c(37): Previous automatically added web header for "Sec-Fetch-Mode" removed  	[MsgId: MMSG-26587]
Action.c(37): web_remove/revert_auto_header("Sec-Fetch-Mode") was successful  	[MsgId: MMSG-26392]
Action.c(39): web_remove_auto_header("Sec-Fetch-Site") started  	[MsgId: MMSG-26355]
Action.c(39): Previous automatically added web header for "Sec-Fetch-Site" removed  	[MsgId: MMSG-26587]
Action.c(39): web_remove/revert_auto_header("Sec-Fetch-Site") was successful  	[MsgId: MMSG-26392]
Action.c(40): Notify: Transaction "autofill" started.
Action.c(42): web_url("merchants.json") started  	[MsgId: MMSG-26355]
Action.c(42): web_url("merchants.json") was successful, 82 body bytes, 572 header bytes  	[MsgId: MMSG-26386]
Action.c(50): Notify: Transaction "autofill" ended with a "Pass" status (Duration: 0.0890 Wasted Time: 0.0451).
Action.c(52): web_add_header("A-IM") started  	[MsgId: MMSG-26355]
Action.c(52): web_add_header("A-IM") was successful  	[MsgId: MMSG-26392]
Action.c(55): web_add_header("Sec-Fetch-Mode") started  	[MsgId: MMSG-26355]
Action.c(55): web_add_header("Sec-Fetch-Mode") was successful  	[MsgId: MMSG-26392]
Action.c(58): web_add_header("Sec-Fetch-Site") started  	[MsgId: MMSG-26355]
Action.c(58): web_add_header("Sec-Fetch-Site") was successful  	[MsgId: MMSG-26392]
Action.c(61): web_url("seed") started  	[MsgId: MMSG-26355]
Action.c(61): HTML parsing not performed for Content-Type "application/x-gzip" ("ParseHtmlContentType" Runtime Setting is "TEXT"). URL="https://clientservices.googleapis.com/chrome-variations/seed?osname=win&channel=stable&milestone=79"  	[MsgId: MMSG-26548]
Action.c(61): Downloading resource "https://clients1.google.com/tbproxy/af/query?q=Chc2LjEuMTcxNS4xNDQyL2VuIChHR0xMKRMZv72dPN_u0M8jLXhvEhkkFA==" (specified by argument number 8)  	[MsgId: MMSG-26577]
Action.c(61): Downloading resource "https://ssl.gstatic.com/safebrowsing/csd/client_model_v5_variation_0.pb" (specified by argument number 11)  	[MsgId: MMSG-26577]
Action.c(61): Downloading resource "https://ssl.gstatic.com/safebrowsing/csd/client_model_v5_ext_variation_0.pb" (specified by argument number 14)  	[MsgId: MMSG-26577]
Action.c(61): web_url("seed") was successful, 177871 body bytes, 2098 header bytes  	[MsgId: MMSG-26386]
Action.c(73): web_add_header("Upgrade-Insecure-Requests") started  	[MsgId: MMSG-26355]
Action.c(73): web_add_header("Upgrade-Insecure-Requests") was successful  	[MsgId: MMSG-26392]
Action.c(78): web_url("SignIn.html") started  	[MsgId: MMSG-26355]
Action.c(78): Found resource "http://demo.automationtesting.in/SignIn.css" in HTML "http://demo.automationtesting.in/SignIn.html"  	[MsgId: MMSG-26659]
Action.c(78): Resource "http://maxcdn.bootstrapcdn.com/bootstrap/3.3.6/css/bootstrap.min.css" is in the cache already and will not be downloaded again  	[MsgId: MMSG-26655]
Action.c(78): Found resource "https://maxcdn.bootstrapcdn.com/font-awesome/4.5.0/css/font-awesome.min.css" in HTML "http://demo.automationtesting.in/SignIn.html"  	[MsgId: MMSG-26659]
Action.c(78): Resource "https://ajax.googleapis.com/ajax/libs/jquery/1.12.0/jquery.min.js" is in the cache already and will not be downloaded again  	[MsgId: MMSG-26655]
Action.c(78): Resource "http://maxcdn.bootstrapcdn.com/bootstrap/3.3.6/js/bootstrap.min.js" is in the cache already and will not be downloaded again  	[MsgId: MMSG-26655]
Action.c(78): Resource "http://ajax.googleapis.com/ajax/libs/angularjs/1.4.8/angular.min.js" is in the cache already and will not be downloaded again  	[MsgId: MMSG-26655]
Action.c(78): Resource "http://demo.automationtesting.in/angcontroller.js" is in the cache already and will not be downloaded again  	[MsgId: MMSG-26655]
Action.c(78): Found resource "https://cdnjs.cloudflare.com/ajax/libs/angular.js/1.4.8/angular-cookies.js" in HTML "http://demo.automationtesting.in/SignIn.html"  	[MsgId: MMSG-26659]
Action.c(78): Found resource "http://demo.automationtesting.in/ui-grid.js" in HTML "http://demo.automationtesting.in/SignIn.html"  	[MsgId: MMSG-26659]
Action.c(78): Resource "http://demo.automationtesting.in/original.png" is in the cache already and will not be downloaded again  	[MsgId: MMSG-26655]
Action.c(78): Found resource "http://demo.automationtesting.in/enter2.png" in HTML "http://demo.automationtesting.in/SignIn.html"  	[MsgId: MMSG-26659]
Action.c(78): Downloading resource "https://clients1.google.com/tbproxy/af/query?q=Chc2LjEuMTcxNS4xNDQyL2VuIChHR0xMKRMZF54zW6UI8w4jLZFhlU4kIy01hlQcJBQ=" (specified by argument number 9)  	[MsgId: MMSG-26577]
Action.c(78): web_url("SignIn.html") was successful, 253706 body bytes, 2901 header bytes, 189 chunking overhead bytes  	[MsgId: MMSG-26385]
Action.c(89): web_add_header("Origin") started  	[MsgId: MMSG-26355]
Action.c(89): web_add_header("Origin") was successful  	[MsgId: MMSG-26392]
Action.c(92): web_add_header("Sec-Fetch-Mode") started  	[MsgId: MMSG-26355]
Action.c(92): web_add_header("Sec-Fetch-Mode") was successful  	[MsgId: MMSG-26392]
Action.c(95): web_add_header("Sec-Fetch-Site") started  	[MsgId: MMSG-26355]
Action.c(95): web_add_header("Sec-Fetch-Site") was successful  	[MsgId: MMSG-26392]
Action.c(97): Notify: Transaction "user" started.
Action.c(99): web_url("usertable") started  	[MsgId: MMSG-26355]
Action.c(99): web_url("usertable") was successful, 111312 body bytes, 635 header bytes, 117 chunking overhead bytes  	[MsgId: MMSG-26385]
Action.c(107): Notify: Transaction "user" ended with a "Pass" status (Duration: 1.8743 Wasted Time: 0.0620).
Ending action Action.
Starting action Action1.
Action1.c(4): web_add_header("Upgrade-Insecure-Requests") started  	[MsgId: MMSG-26355]
Action1.c(4): web_add_header("Upgrade-Insecure-Requests") was successful  	[MsgId: MMSG-26392]
Action1.c(8): Notify: Transaction "register" started.
Action1.c(10): web_url("Register.html") started  	[MsgId: MMSG-26355]
Action1.c(10): Found resource "http://demo.automationtesting.in/Register.css" in HTML "http://demo.automationtesting.in/Register.html"  	[MsgId: MMSG-26659]
Action1.c(10): Found resource "http://demo.automationtesting.in/ng-grid.css" in HTML "http://demo.automationtesting.in/Register.html"  	[MsgId: MMSG-26659]
Action1.c(10): Resource "http://maxcdn.bootstrapcdn.com/bootstrap/3.3.6/css/bootstrap.min.css" is in the cache already and will not be downloaded again  	[MsgId: MMSG-26655]
Action1.c(10): Resource "https://maxcdn.bootstrapcdn.com/font-awesome/4.5.0/css/font-awesome.min.css" is in the cache already and will not be downloaded again  	[MsgId: MMSG-26655]
Action1.c(10): Resource "https://ajax.googleapis.com/ajax/libs/jquery/1.12.0/jquery.min.js" is in the cache already and will not be downloaded again  	[MsgId: MMSG-26655]
Action1.c(10): Resource "http://maxcdn.bootstrapcdn.com/bootstrap/3.3.6/js/bootstrap.min.js" is in the cache already and will not be downloaded again  	[MsgId: MMSG-26655]
Action1.c(10): Resource "http://ajax.googleapis.com/ajax/libs/angularjs/1.4.8/angular.min.js" is in the cache already and will not be downloaded again  	[MsgId: MMSG-26655]
Action1.c(10): Resource "http://demo.automationtesting.in/angcontroller.js" is in the cache already and will not be downloaded again  	[MsgId: MMSG-26655]
Action1.c(10): Resource "https://cdnjs.cloudflare.com/ajax/libs/angular.js/1.4.8/angular-cookies.js" is in the cache already and will not be downloaded again  	[MsgId: MMSG-26655]
Action1.c(10): Resource "http://demo.automationtesting.in/ui-grid.js" is in the cache already and will not be downloaded again  	[MsgId: MMSG-26655]
Action1.c(10): Found resource "http://code.jquery.com/ui/1.10.4/themes/ui-lightness/jquery-ui.css" in HTML "http://demo.automationtesting.in/Register.html"  	[MsgId: MMSG-26659]
Action1.c(10): Found resource "https://cdnjs.cloudflare.com/ajax/libs/select2/4.0.1/css/select2.min.css" in HTML "http://demo.automationtesting.in/Register.html"  	[MsgId: MMSG-26659]
Action1.c(10): Found resource "http://demo.automationtesting.in/Register.js" in HTML "http://demo.automationtesting.in/Register.html"  	[MsgId: MMSG-26659]
Action1.c(10): Found resource "https://cdnjs.cloudflare.com/ajax/libs/select2/4.0.1/js/select2.min.js" in HTML "http://demo.automationtesting.in/Register.html"  	[MsgId: MMSG-26659]
Action1.c(10): Downloading resource "https://adservice.google.co.in/adsid/integrator.js?domain=demo.automationtesting.in" (specified by argument number 9)  	[MsgId: MMSG-26577]
Action1.c(10): Downloading resource "https://adservice.google.com/adsid/integrator.js?domain=demo.automationtesting.in" (specified by argument number 11)  	[MsgId: MMSG-26577]
Action1.c(10): Downloading resource "https://pagead2.googlesyndication.com/pagead/js/r20200109/r20190131/show_ads_impl_fy2019.js" (specified by argument number 13)  	[MsgId: MMSG-26577]
Action1.c(10): Downloading resource "https://www.googletagservices.com/activeview/js/current/osd.js?cb=%2Fr20100101" (specified by argument number 15)  	[MsgId: MMSG-26577]
Action1.c(10): Resource "http://demo.automationtesting.in/original.png" is in the cache already and will not be downloaded again  	[MsgId: MMSG-26655]
Action1.c(10): Found resource "http://pagead2.googlesyndication.com/pagead/js/adsbygoogle.js" in HTML "http://demo.automationtesting.in/Register.html"  	[MsgId: MMSG-26659]
Action1.c(10): No socket (out of 16) is CURRENTLY available for a regular connection for URL="http://pagead2.googlesyndication.com/pagead/js/adsbygoogle.js"  	[MsgId: MMSG-26000]
Action1.c(10): web_url("Register.html") was successful, 190173 body bytes, 7558 header bytes  	[MsgId: MMSG-26386]
Action1.c(23): Notify: Transaction "register" ended with a "Pass" status (Duration: 1.1665 Wasted Time: 0.0853).
Action1.c(25): web_add_auto_header("X-Requested-With") started  	[MsgId: MMSG-26355]
Action1.c(25): web_add_auto_header("X-Requested-With") was successful  	[MsgId: MMSG-26392]
Action1.c(28): web_url("Languages.json") started  	[MsgId: MMSG-26355]
Action1.c(28): Downloading resource "https://maxcdn.bootstrapcdn.com/font-awesome/4.5.0/fonts/fontawesome-webfont.woff2?v=4.5.0" (specified by argument number 9)  	[MsgId: MMSG-26577]
Action1.c(28): web_url("Languages.json") was successful, 66925 body bytes, 759 header bytes  	[MsgId: MMSG-26386]
Action1.c(38): Notify: Transaction "skills" started.
Action1.c(40): web_url("Skills.json") started  	[MsgId: MMSG-26355]
Action1.c(40): web_url("Skills.json") was successful, 601 body bytes, 338 header bytes  	[MsgId: MMSG-26386]
Action1.c(48): Notify: Transaction "skills" ended with a "Pass" status (Duration: 0.3233 Wasted Time: 0.0355).
Action1.c(50): web_remove_auto_header("X-Requested-With") started  	[MsgId: MMSG-26355]
Action1.c(50): Previous automatically added web header for "X-Requested-With" removed  	[MsgId: MMSG-26587]
Action1.c(50): web_remove/revert_auto_header("X-Requested-With") was successful  	[MsgId: MMSG-26392]
Action1.c(52): web_add_auto_header("Origin") started  	[MsgId: MMSG-26355]
Action1.c(52): web_add_auto_header("Origin") was successful  	[MsgId: MMSG-26392]
Action1.c(55): web_add_auto_header("Sec-Fetch-Mode") started  	[MsgId: MMSG-26355]
Action1.c(55): web_add_auto_header("Sec-Fetch-Mode") was successful  	[MsgId: MMSG-26392]
Action1.c(58): web_add_auto_header("Sec-Fetch-Site") started  	[MsgId: MMSG-26355]
Action1.c(58): web_add_auto_header("Sec-Fetch-Site") was successful  	[MsgId: MMSG-26392]
Action1.c(61): web_url("newtable") started  	[MsgId: MMSG-26355]
Action1.c(61): web_url("newtable") was successful, 180356 body bytes, 635 header bytes, 188 chunking overhead bytes  	[MsgId: MMSG-26385]
Action1.c(70): web_url("all") started  	[MsgId: MMSG-26355]
Action1.c(70): web_url("all") was successful, 36667 body bytes, 634 header bytes  	[MsgId: MMSG-26386]
Action1.c(79): web_url("newtable_2") started  	[MsgId: MMSG-26355]
Action1.c(79): web_url("newtable_2") was successful, 180356 body bytes, 635 header bytes, 188 chunking overhead bytes  	[MsgId: MMSG-26385]
Ending action Action1.
Ending iteration 3.
Ending Vuser...
Starting action vuser_end.
Ending action vuser_end.
Vuser Terminated.
